#
# There is insufficient memory for the Java Runtime Environment to continue.
# Native memory allocation (malloc) failed to allocate 32744 bytes. Error detail: Chunk::new
# Possible reasons:
#   The system is out of physical RAM or swap space
#   This process is running with CompressedOops enabled, and the Java Heap may be blocking the growth of the native heap
# Possible solutions:
#   Reduce memory load on the system
#   Increase physical memory or swap space
#   Check if swap backing store is full
#   Decrease Java heap size (-Xmx/-Xms)
#   Decrease number of Java threads
#   Decrease Java thread stack sizes (-Xss)
#   Set larger code cache with -XX:ReservedCodeCacheSize=
#   JVM is running with Unscaled Compressed Oops mode in which the Java heap is
#     placed in the first 4GB address space. The Java Heap base address is the
#     maximum limit for the native heap growth. Please use -XX:HeapBaseMinAddress
#     to set the Java Heap base and to place the Java Heap above 4GB virtual address.
# This output file may be truncated or incomplete.
#
#  Out of Memory Error (arena.cpp:162), pid=12188, tid=12696
#
# JRE version: OpenJDK Runtime Environment (24.0.2+12) (build 24.0.2+12-54)
# Java VM: OpenJDK 64-Bit Server VM (24.0.2+12-54, mixed mode, tiered, compressed oops, compressed class ptrs, g1 gc, windows-amd64)
# No core dump will be written. Minidumps are not enabled by default on client versions of Windows
#

---------------  S U M M A R Y ------------

Command Line: -Dnet.bytebuddy.agent.attacher.dump= net.bytebuddy.agent.Attacher com.sun.tools.attach.VirtualMachine 9564 C:\Users\Printec\.m2\repository\net\bytebuddy\byte-buddy-agent\1.14.6\byte-buddy-agent-1.14.6.jar false 

Host: Intel(R) Core(TM) i7-3540M CPU @ 3.00GHz, 4 cores, 7G,  Windows 11 , 64 bit Build 22621 (10.0.22621.3958)
Time: Thu Dec 18 18:43:37 2025 elapsed time: 0.384088 seconds (0d 0h 0m 0s)

---------------  T H R E A D  ---------------

Current thread (0x0000022821a1e190):  JavaThread "main"             [_thread_in_vm, id=12696, stack(0x0000005b76a00000,0x0000005b76b00000) (1024K)]

Stack: [0x0000005b76a00000,0x0000005b76b00000]
Native frames: (J=compiled Java code, j=interpreted, Vv=VM code, C=native code)
V  [jvm.dll+0x730829]  (no source info available)
V  [jvm.dll+0x8d9da3]  (no source info available)
V  [jvm.dll+0x8dc28d]  (no source info available)
V  [jvm.dll+0x8dc903]  (no source info available)
V  [jvm.dll+0x2a9f56]  (no source info available)
V  [jvm.dll+0xced7f]  (no source info available)
V  [jvm.dll+0xcefdf]  (no source info available)
V  [jvm.dll+0x23a394]  (no source info available)
V  [jvm.dll+0x23affa]  (no source info available)
V  [jvm.dll+0x23b9e4]  (no source info available)
V  [jvm.dll+0x2314d4]  (no source info available)
V  [jvm.dll+0x5fffa3]  (no source info available)
V  [jvm.dll+0x84b426]  (no source info available)
V  [jvm.dll+0x4b5e2b]  (no source info available)
V  [jvm.dll+0x4bb9b5]  (no source info available)
C  [java.dll+0x1925]  (no source info available)
C  0x00000228339dcd20  (no source info available)

The last pc belongs to native method entry point (kind = native) (printed below).
Java frames: (J=compiled Java code, j=interpreted, Vv=VM code)
j  java.lang.ClassLoader.defineClass2(Ljava/lang/ClassLoader;Ljava/lang/String;Ljava/nio/ByteBuffer;IILjava/security/ProtectionDomain;Ljava/lang/String;)Ljava/lang/Class;+0 java.base@24.0.2
j  java.lang.ClassLoader.defineClass(Ljava/lang/String;Ljava/nio/ByteBuffer;Ljava/security/ProtectionDomain;)Ljava/lang/Class;+93 java.base@24.0.2
j  java.security.SecureClassLoader.defineClass(Ljava/lang/String;Ljava/nio/ByteBuffer;Ljava/security/CodeSource;)Ljava/lang/Class;+8 java.base@24.0.2
j  jdk.internal.loader.BuiltinClassLoader.defineClass(Ljava/lang/String;Ljdk/internal/loader/BuiltinClassLoader$LoadedModule;)Ljava/lang/Class;+127 java.base@24.0.2
j  jdk.internal.loader.BuiltinClassLoader.findClassInModuleOrNull(Ljdk/internal/loader/BuiltinClassLoader$LoadedModule;Ljava/lang/String;)Ljava/lang/Class;+3 java.base@24.0.2
j  jdk.internal.loader.BuiltinClassLoader.loadClassOrNull(Ljava/lang/String;Z)Ljava/lang/Class;+55 java.base@24.0.2
j  jdk.internal.loader.BuiltinClassLoader.loadClass(Ljava/lang/String;Z)Ljava/lang/Class;+3 java.base@24.0.2
j  java.lang.ClassLoader.loadClass(Ljava/lang/String;)Ljava/lang/Class;+3 java.base@24.0.2
v  ~StubRoutines::call_stub 0x00000228339d0fcd
j  sun.jvmstat.perfdata.monitor.v2_0.PerfDataBuffer.getNextMonitorEntry()Lsun/jvmstat/monitor/Monitor;+857 jdk.internal.jvmstat@24.0.2
j  sun.jvmstat.perfdata.monitor.v2_0.PerfDataBuffer.buildMonitorMap(Ljava/util/Map;)V+81 jdk.internal.jvmstat@24.0.2
j  sun.jvmstat.perfdata.monitor.PerfDataBufferImpl.findByName(Ljava/lang/String;)Lsun/jvmstat/monitor/Monitor;+23 jdk.internal.jvmstat@24.0.2
j  sun.jvmstat.perfdata.monitor.AbstractPerfDataBuffer.findByName(Ljava/lang/String;)Lsun/jvmstat/monitor/Monitor;+5 jdk.internal.jvmstat@24.0.2
j  sun.jvmstat.perfdata.monitor.AbstractMonitoredVm.findByName(Ljava/lang/String;)Lsun/jvmstat/monitor/Monitor;+5 jdk.internal.jvmstat@24.0.2
j  sun.jvmstat.monitor.MonitoredVmUtil.isAttachable(Lsun/jvmstat/monitor/MonitoredVm;)Z+3 jdk.internal.jvmstat@24.0.2
j  sun.tools.attach.HotSpotAttachProvider.testAttachable(Ljava/lang/String;)V+25 jdk.attach@24.0.2
j  sun.tools.attach.AttachProviderImpl.attachVirtualMachine(Ljava/lang/String;)Lcom/sun/tools/attach/VirtualMachine;+2 jdk.attach@24.0.2
j  com.sun.tools.attach.VirtualMachine.attach(Ljava/lang/String;)Lcom/sun/tools/attach/VirtualMachine;+69 jdk.attach@24.0.2
j  java.lang.invoke.DirectMethodHandle$Holder.invokeStatic(Ljava/lang/Object;Ljava/lang/Object;)Ljava/lang/Object;+10 java.base@24.0.2
j  java.lang.invoke.LambdaForm$MH+0x000000002e002000.invoke(Ljava/lang/Object;Ljava/lang/Object;Ljava/lang/Object;)Ljava/lang/Object;+33 java.base@24.0.2
j  java.lang.invoke.Invokers$Holder.invokeExact_MT(Ljava/lang/Object;Ljava/lang/Object;Ljava/lang/Object;Ljava/lang/Object;)Ljava/lang/Object;+20 java.base@24.0.2
j  jdk.internal.reflect.DirectMethodHandleAccessor.invokeImpl(Ljava/lang/Object;[Ljava/lang/Object;)Ljava/lang/Object;+55 java.base@24.0.2
j  jdk.internal.reflect.DirectMethodHandleAccessor.invoke(Ljava/lang/Object;[Ljava/lang/Object;)Ljava/lang/Object;+23 java.base@24.0.2
j  java.lang.reflect.Method.invoke(Ljava/lang/Object;[Ljava/lang/Object;)Ljava/lang/Object;+102 java.base@24.0.2
j  net.bytebuddy.agent.Attacher.install(Ljava/lang/Class;Ljava/lang/String;Ljava/lang/String;ZLjava/lang/String;)V+24
j  net.bytebuddy.agent.Attacher.main([Ljava/lang/String;)V+86
v  ~StubRoutines::call_stub 0x00000228339d0fcd
Lock stack of current Java thread (top to bottom):
LockStack[1]: java.lang.Object 
{0x0000000089424a48} - klass: 'java/lang/Object' - flags: 

 - ---- fields (total size 2 words):
LockStack[0]: sun.jvmstat.perfdata.monitor.v2_0.PerfDataBuffer 
{0x000000008941a5c0} - klass: 'sun/jvmstat/perfdata/monitor/v2_0/PerfDataBuffer' - flags: 

 - ---- fields (total size 7 words):
 - protected 'lvmid' 'I' @12  9564 (0x0000255c)
 - protected 'buffer' 'Ljava/nio/ByteBuffer;' @16  a 'java/nio/DirectByteBuffer'{0x00000000895bcf20} (0x895bcf20)
 - protected 'monitors' 'Ljava/util/Map;' @20  a 'java/util/TreeMap'{0x000000008941af00} (0x8941af00)
 - protected 'aliasMap' 'Ljava/util/Map;' @24  a 'java/util/HashMap'{0x000000008941af30} (0x8941af30)
 - protected 'aliasCache' 'Ljava/util/Map;' @28  a 'java/util/HashMap'{0x000000008941af60} (0x8941af60)
 - 'lastNumEntries' 'J' @32  0 (0x0000000000000000)
 - 'nextEntry' 'I' @40  3016 (0x00000bc8)
 - 'prologue' 'Lsun/jvmstat/perfdata/monitor/v2_0/PerfDataBufferPrologue;' @44  a 'sun/jvmstat/perfdata/monitor/v2_0/PerfDataBufferPrologue'{0x000000008941b6e8} (0x8941b6e8)
 - 'overflow' 'Lsun/jvmstat/monitor/IntegerMonitor;' @48  a 'sun/jvmstat/perfdata/monitor/PerfIntegerMonitor'{0x000000008941e258} (0x8941e258)
 - 'insertedMonitors' 'Ljava/util/ArrayList;' @52  null (0x00000000)

native method entry point (kind = native)  [0x00000228339dc940, 0x00000228339dd378]  2616 bytes
[MachCode]
  0x00000228339dc940: 488b 4b08 | 0fb7 492e | 584c 8d74 | ccf8 6800 | 0000 0068 | 0000 0000 | 5055 488b | ec41 5568 
  0x00000228339dc960: 0000 0000 | 4c8b 6b08 | 4d8d 6d38 | 5348 8b53 | 0848 8b52 | 0848 8b52 | 1848 8b52 | 7048 8b12 
  0x00000228339dc980: 5248 8b53 | 1048 85d2 | 0f84 0700 | 0000 4881 | c208 0100 | 0052 488b | 5308 488b | 5208 488b 
  0x00000228339dc9a0: 5210 5249 | 8bc6 482b | c548 c1e8 | 0350 6800 | 0000 0068 | f7ff ffff | 41c6 8771 | 0400 0001 
  0x00000228339dc9c0: 488b 4310 | 4885 c074 | 208b 88cc | 0000 0083 | c102 8988 | cc00 0000 | 2388 e000 | 0000 0f84 
  0x00000228339dc9e0: e408 0000 | e9cd 0000 | 0048 8b43 | 1848 85c0 | 0f85 b000 | 0000 e805 | 0000 00e9 | 9900 0000 
  0x00000228339dca00: 488b d348 | 8d44 2408 | 4c89 6dc0 | 498b cfc5 | f877 4989 | afb8 0300 | 0049 8987 | a803 0000 
  0x00000228339dca20: 4883 ec20 | 40f6 c40f | 0f84 1900 | 0000 4883 | ec08 48b8 | a02f 0ab7 | fb7f 0000 | ffd0 4883 
  0x00000228339dca40: c408 e90c | 0000 0048 | b8a0 2f0a | b7fb 7f00 | 00ff d048 | 83c4 2049 | c787 a803 | 0000 0000 
  0x00000228339dca60: 0000 49c7 | 87b8 0300 | 0000 0000 | 0049 c787 | b003 0000 | 0000 0000 | c5f8 7749 | 837f 0800 
  0x00000228339dca80: 0f84 0500 | 0000 e935 | 44ff ff4c | 8b6d c04c | 8b75 c84e | 8d74 f500 | c348 8b43 | 1848 85c0 
  0x00000228339dcaa0: 0f84 1000 | 0000 8b08 | 83c1 0289 | 0823 4814 | 0f84 1208 | 0000 493b | a7f0 0400 | 000f 8748 
  0x00000228339dcac0: 0000 0089 | 8424 00f0 | ffff 8984 | 2400 e0ff | ff89 8424 | 00d0 ffff | 8984 2400 | c0ff ff89 
  0x00000228339dcae0: 8424 00b0 | ffff 8984 | 2400 a0ff | ff89 8424 | 0090 ffff | 8984 2400 | 80ff ff49 | 3ba7 e804 
  0x00000228339dcb00: 0000 7607 | 4989 a7f0 | 0400 0041 | c687 7104 | 0000 0048 | 8b5d e84c | 8b5b 0845 | 0fb7 5b2e 
  0x00000228339dcb20: 41c1 e303 | 492b e348 | 83ec 2048 | 83e4 f04c | 8b5b 604d | 85db 0f85 | ab00 0000 | e805 0000 
  0x00000228339dcb40: 00e9 9900 | 0000 488b | d348 8d44 | 2408 4c89 | 6dc0 498b | cfc5 f877 | 4989 afb8 | 0300 0049 
  0x00000228339dcb60: 8987 a803 | 0000 4883 | ec20 40f6 | c40f 0f84 | 1900 0000 | 4883 ec08 | 48b8 e059 | 0ab7 fb7f 
  0x00000228339dcb80: 0000 ffd0 | 4883 c408 | e90c 0000 | 0048 b8e0 | 590a b7fb | 7f00 00ff | d048 83c4 | 2049 c787 
  0x00000228339dcba0: a803 0000 | 0000 0000 | 49c7 87b8 | 0300 0000 | 0000 0049 | c787 b003 | 0000 0000 | 0000 c5f8 
  0x00000228339dcbc0: 7749 837f | 0800 0f84 | 0500 0000 | e9ef 42ff | ff4c 8b6d | c04c 8b75 | c84e 8d74 | f500 c348 
  0x00000228339dcbe0: 8b5d e84c | 8b5b 6041 | ffd3 488b | 5de8 4889 | 4518 448b | 5b28 41f6 | c308 0f84 | 1b00 0000 
  0x00000228339dcc00: 4c8b 5b08 | 4d8b 5b08 | 4d8b 5b18 | 4d8b 5b70 | 4d8b 1b4c | 895d 1048 | 8d55 1048 | 8b43 5849 
  0x00000228339dcc20: baf0 7243 | b7fb 7f00 | 0049 3bc2 | 0f85 ab00 | 0000 e805 | 0000 00e9 | 9900 0000 | 488b d348 
  0x00000228339dcc40: 8d44 2408 | 4c89 6dc0 | 498b cfc5 | f877 4989 | afb8 0300 | 0049 8987 | a803 0000 | 4883 ec20 
  0x00000228339dcc60: 40f6 c40f | 0f84 1900 | 0000 4883 | ec08 48b8 | e059 0ab7 | fb7f 0000 | ffd0 4883 | c408 e90c 
  0x00000228339dcc80: 0000 0048 | b8e0 590a | b7fb 7f00 | 00ff d048 | 83c4 2049 | c787 a803 | 0000 0000 | 0000 49c7 
  0x00000228339dcca0: 87b8 0300 | 0000 0000 | 0049 c787 | b003 0000 | 0000 0000 | c5f8 7749 | 837f 0800 | 0f84 0500 
  0x00000228339dccc0: 0000 e9f9 | 41ff ff4c | 8b6d c04c | 8b75 c84e | 8d74 f500 | c348 8b5d | e848 8b43 | 5849 8d8f 
  0x00000228339dcce0: c803 0000 | 4c8d 15d5 | 0000 004d | 8997 b003 | 0000 c5f8 | 7749 89af | b803 0000 | 4989 a7a8 
  0x00000228339dcd00: 0300 0041 | c787 5404 | 0000 0400 | 0000 493b | a748 0500 | 0076 0749 | 89a7 4805 | 0000 ffd0 
  0x00000228339dcd20: 493b a748 | 0500 0072 | 0b49 c787 | 4805 0000 | 0000 0000 | c5f8 7748 | 83ec 10c5 | fb11 0424 
  0x00000228339dcd40: 4883 ec10 | 4889 0424 | 48c7 4424 | 0800 0000 | 0041 c787 | 5404 0000 | 0500 0000 | f083 4424 
  0x00000228339dcd60: c000 493b | 6f28 0f87 | 0e00 0000 | 4183 bf50 | 0400 0000 | 0f84 2000 | 0000 498b | cf4c 8be4 
  0x00000228339dcd80: 4883 ec20 | 4883 e4f0 | 48b8 10b9 | 0bb7 fb7f | 0000 ffd0 | 498b e44d | 33e4 41c7 | 8754 0400 
  0x00000228339dcda0: 0008 0000 | 004d 8b97 | 7005 0000 | 4983 fa00 | 7435 49c7 | 8770 0500 | 0000 0000 | 0041 ffe2 
  0x00000228339dcdc0: 49ba a0ba | 9d33 2802 | 0000 41ff | d248 83ec | 10c5 fb11 | 0424 4883 | ec10 4889 | 0424 48c7 
  0x00000228339dcde0: 4424 0800 | 0000 0049 | c787 a803 | 0000 0000 | 0000 49c7 | 87b8 0300 | 0000 0000 | 0049 c787 
  0x00000228339dce00: b003 0000 | 0000 0000 | c5f8 774d | 8b9f 3804 | 0000 41c7 | 8300 0100 | 0000 0000 | 0049 bbda 
  0x00000228339dce20: a39d 3328 | 0200 004c | 3b5d 180f | 8555 0100 | 0048 8b04 | 2448 83c4 | 1048 85c0 | 0f84 2f01 
  0x00000228339dce40: 0000 a803 | 0f85 0800 | 0000 488b | 00e9 1f01 | 0000 a801 | 0f85 0900 | 0000 488b | 40fe e90e 
  0x00000228339dce60: 0100 0048 | 8b40 ff41 | 807f 4800 | 0f84 ff00 | 0000 4883 | f800 0f84 | f500 0000 | 4d8b 5f38 
  0x00000228339dce80: 4d85 db0f | 8414 0000 | 0049 83eb | 084d 895f | 384d 035f | 4049 8903 | e9d4 0000 | 0048 83ec 
  0x00000228339dcea0: 7048 8904 | 2448 894c | 2408 4889 | 5424 104c | 8944 2418 | 4c89 4c24 | 204c 8954 | 2428 4c89 
  0x00000228339dcec0: 5c24 30c5 | fb11 4424 | 40c5 fb11 | 4c24 48c5 | fb11 5424 | 50c5 fb11 | 5c24 58c5 | fb11 6424 
  0x00000228339dcee0: 60c5 fb11 | 6c24 6849 | 8bd7 488b | c848 83ec | 2040 f6c4 | 0f0f 8419 | 0000 0048 | 83ec 0848 
  0x00000228339dcf00: b850 49fe | b6fb 7f00 | 00ff d048 | 83c4 08e9 | 0c00 0000 | 48b8 5049 | feb6 fb7f | 0000 ffd0 
  0x00000228339dcf20: 4883 c420 | c5fb 106c | 2468 c5fb | 1064 2460 | c5fb 105c | 2458 c5fb | 1054 2450 | c5fb 104c 
  0x00000228339dcf40: 2448 c5fb | 1044 2440 | 4c8b 5c24 | 304c 8b54 | 2428 4c8b | 4c24 204c | 8b44 2418 | 488b 5424 
  0x00000228339dcf60: 1048 8b4c | 2408 488b | 0424 4883 | c470 c5f8 | 7748 8945 | 1048 83ec | 1048 8904 | 2448 c744 
  0x00000228339dcf80: 2408 0000 | 0000 4183 | bfd0 0400 | 0002 0f85 | bf00 0000 | 4881 ec80 | 0000 0048 | 8944 2478 
  0x00000228339dcfa0: 4889 4c24 | 7048 8954 | 2468 4889 | 5c24 6048 | 896c 2450 | 4889 7424 | 4848 897c | 2440 4c89 
  0x00000228339dcfc0: 4424 384c | 894c 2430 | 4c89 5424 | 284c 895c | 2420 4c89 | 6424 184c | 896c 2410 | 4c89 7424 
  0x00000228339dcfe0: 084c 893c | 244c 8be4 | 4883 ec20 | 4883 e4f0 | 48b8 8059 | 43b7 fb7f | 0000 ffd0 | 498b e44c 
  0x00000228339dd000: 8b3c 244c | 8b74 2408 | 4c8b 6c24 | 104c 8b64 | 2418 4c8b | 5c24 204c | 8b54 2428 | 4c8b 4c24 
  0x00000228339dd020: 304c 8b44 | 2438 488b | 7c24 4048 | 8b74 2448 | 488b 6c24 | 5048 8b5c | 2460 488b | 5424 6848 
  0x00000228339dd040: 8b4c 2470 | 488b 4424 | 7848 81c4 | 8000 0000 | 4d33 e448 | 8b5d e84c | 8b6b 084d | 8d6d 3849 
  0x00000228339dd060: 837f 0800 | 0f84 bb00 | 0000 e805 | 0000 00e9 | 9600 0000 | 488d 4424 | 084c 896d | c049 8bcf 
  0x00000228339dd080: c5f8 7749 | 89af b803 | 0000 4989 | 87a8 0300 | 0048 83ec | 2040 f6c4 | 0f0f 8419 | 0000 0048 
  0x00000228339dd0a0: 83ec 0848 | b880 780a | b7fb 7f00 | 00ff d048 | 83c4 08e9 | 0c00 0000 | 48b8 8078 | 0ab7 fb7f 
  0x00000228339dd0c0: 0000 ffd0 | 4883 c420 | 49c7 87a8 | 0300 0000 | 0000 0049 | c787 b803 | 0000 0000 | 0000 49c7 
  0x00000228339dd0e0: 87b0 0300 | 0000 0000 | 00c5 f877 | 4983 7f08 | 000f 8405 | 0000 00e9 | c43d ffff | 4c8b 6dc0 
  0x00000228339dd100: 4c8b 75c8 | 4e8d 74f5 | 00c3 48b9 | 08ec 69b7 | fb7f 0000 | 4883 e4f0 | 48b8 00a9 | 30b7 fb7f 
  0x00000228339dd120: 0000 ffd0 | f444 8b5b | 2841 f6c3 | 200f 8472 | 0100 0048 | 8d55 a84c | 8b5a 084d | 85db 0f85 
  0x00000228339dd140: bb00 0000 | e805 0000 | 00e9 9600 | 0000 488d | 4424 084c | 896d c049 | 8bcf c5f8 | 7749 89af 
  0x00000228339dd160: b803 0000 | 4989 87a8 | 0300 0048 | 83ec 2040 | f6c4 0f0f | 8419 0000 | 0048 83ec | 0848 b8b0 
  0x00000228339dd180: 770a b7fb | 7f00 00ff | d048 83c4 | 08e9 0c00 | 0000 48b8 | b077 0ab7 | fb7f 0000 | ffd0 4883 
  0x00000228339dd1a0: c420 49c7 | 87a8 0300 | 0000 0000 | 0049 c787 | b803 0000 | 0000 0000 | 49c7 87b0 | 0300 0000 
  0x00000228339dd1c0: 0000 00c5 | f877 4983 | 7f08 000f | 8405 0000 | 00e9 ea3c | ffff 4c8b | 6dc0 4c8b | 75c8 4e8d 
  0x00000228339dd1e0: 74f5 00c3 | 48b9 08ec | 69b7 fb7f | 0000 4883 | e4f0 48b8 | 00a9 30b7 | fb7f 0000 | ffd0 f44c 
  0x00000228339dd200: 896d c04c | 8b4a 0848 | c742 0800 | 0000 0045 | 8b87 5806 | 0000 4f3b | 4c07 f80f | 8542 0000 
  0x00000228339dd220: 0041 83af | 5806 0000 | 084f 3b4c | 07f0 0f84 | 2a00 0000 | 498b 01a8 | 020f 8512 | 0000 004c 
  0x00000228339dd240: 8bc0 4983 | c801 f04d | 0fb1 010f | 840d 0000 | 0041 8387 | 5806 0000 | 08e9 0500 | 0000 e93e 
  0x00000228339dd260: 0000 004c | 894a 0848 | 8bca 4883 | ec20 40f6 | c40f 0f84 | 1900 0000 | 4883 ec08 | 48b8 d049 
  0x00000228339dd280: 0ab7 fb7f | 0000 ffd0 | 4883 c408 | e90c 0000 | 0048 b8d0 | 490a b7fb | 7f00 00ff | d048 83c4 
  0x00000228339dd2a0: 204c 8b6d | c048 8b04 | 2448 83c4 | 10c5 fb10 | 0424 4883 | c410 4c8b | 5d18 41ff | d34c 8b5d 
  0x00000228339dd2c0: f8c9 5f49 | 8be3 ffe7 | ba00 0000 | 00e8 0500 | 0000 e996 | 0000 0048 | 8d44 2408 | 4c89 6dc0 
  0x00000228339dd2e0: 498b cfc5 | f877 4989 | afb8 0300 | 0049 8987 | a803 0000 | 4883 ec20 | 40f6 c40f | 0f84 1900 
  0x00000228339dd300: 0000 4883 | ec08 48b8 | 703e 0ab7 | fb7f 0000 | ffd0 4883 | c408 e90c | 0000 0048 | b870 3e0a 
  0x00000228339dd320: b7fb 7f00 | 00ff d048 | 83c4 2049 | c787 a803 | 0000 0000 | 0000 49c7 | 87b8 0300 | 0000 0000 
  0x00000228339dd340: 0049 c787 | b003 0000 | 0000 0000 | c5f8 7749 | 837f 0800 | 0f84 0500 | 0000 e961 | 3bff ff4c 
  0x00000228339dd360: 8b6d c04c | 8b75 c84e | 8d74 f500 | c348 8b5d | e8e9 40f7 | ffff 6690 
[/MachCode]

---------------  P R O C E S S  ---------------

Threads class SMR info:
_java_thread_list=0x00000228402b8e20, length=11, elements={
0x0000022821a1e190, 0x0000022840165210, 0x000002284014e350, 0x0000022840159ce0,
0x000002284015a810, 0x000002284015bae0, 0x00000228401548a0, 0x0000022840166680,
0x0000022840170080, 0x00000228402e0a80, 0x00000228402e79f0
}

Java Threads: ( => current thread )
=>0x0000022821a1e190 JavaThread "main"                              [_thread_in_vm, id=12696, stack(0x0000005b76a00000,0x0000005b76b00000) (1024K)]
  0x0000022840165210 JavaThread "Reference Handler"          daemon [_thread_blocked, id=8084, stack(0x0000005b77200000,0x0000005b77300000) (1024K)]
  0x000002284014e350 JavaThread "Finalizer"                  daemon [_thread_blocked, id=6200, stack(0x0000005b77300000,0x0000005b77400000) (1024K)]
  0x0000022840159ce0 JavaThread "Signal Dispatcher"          daemon [_thread_blocked, id=6576, stack(0x0000005b77400000,0x0000005b77500000) (1024K)]
  0x000002284015a810 JavaThread "Attach Listener"            daemon [_thread_blocked, id=12500, stack(0x0000005b77500000,0x0000005b77600000) (1024K)]
  0x000002284015bae0 JavaThread "Service Thread"             daemon [_thread_blocked, id=12612, stack(0x0000005b77600000,0x0000005b77700000) (1024K)]
  0x00000228401548a0 JavaThread "Monitor Deflation Thread"   daemon [_thread_blocked, id=13636, stack(0x0000005b77700000,0x0000005b77800000) (1024K)]
  0x0000022840166680 JavaThread "C2 CompilerThread0"         daemon [_thread_blocked, id=9352, stack(0x0000005b77800000,0x0000005b77900000) (1024K)]
  0x0000022840170080 JavaThread "C1 CompilerThread0"         daemon [_thread_blocked, id=7072, stack(0x0000005b77900000,0x0000005b77a00000) (1024K)]
  0x00000228402e0a80 JavaThread "Notification Thread"        daemon [_thread_blocked, id=10448, stack(0x0000005b77a00000,0x0000005b77b00000) (1024K)]
  0x00000228402e79f0 JavaThread "Common-Cleaner"             daemon [_thread_blocked, id=7768, stack(0x0000005b77b00000,0x0000005b77c00000) (1024K)]
Total: 11

Other Threads:
  0x000002284011bae0 VMThread "VM Thread"                           [id=12460, stack(0x0000005b77100000,0x0000005b77200000) (1024K)]
  0x00000228400e2dc0 WatcherThread "VM Periodic Task Thread"        [id=1136, stack(0x0000005b77000000,0x0000005b77100000) (1024K)]
  0x0000022823c50780 WorkerThread "GC Thread#0"                     [id=11836, stack(0x0000005b76b00000,0x0000005b76c00000) (1024K)]
  0x0000022823c65590 ConcurrentGCThread "G1 Main Marker"            [id=12452, stack(0x0000005b76c00000,0x0000005b76d00000) (1024K)]
  0x0000022823c66840 WorkerThread "G1 Conc#0"                       [id=12780, stack(0x0000005b76d00000,0x0000005b76e00000) (1024K)]
  0x0000022823cbd440 ConcurrentGCThread "G1 Refine#0"               [id=13532, stack(0x0000005b76e00000,0x0000005b76f00000) (1024K)]
  0x0000022823cbdec0 ConcurrentGCThread "G1 Service"                [id=2644, stack(0x0000005b76f00000,0x0000005b77000000) (1024K)]
Total: 7

Threads with active compile tasks:
Total: 0

VM state: not at safepoint (normal execution)

VM Mutex/Monitor currently owned by a thread: None

Heap address: 0x0000000081800000, size: 2024 MB, Compressed Oops mode: 32-bit

CDS archive(s) not mapped
Compressed class space mapped at: 0x000000002e000000-0x000000006e000000, reserved size: 1073741824
UseCompressedClassPointers 1, UseCompactObjectHeaders 0
Narrow klass pointer bits 32, Max shift 3
Narrow klass base: 0x0000000000000000, Narrow klass shift: 0
Encoding Range: [0x0000000000000000 - 0x0000000100000000), (4294967296 bytes)
Klass Range:    [0x000000002e000000 - 0x000000006e000000), (1073741824 bytes)
Klass ID Range:  [771751936 - 1845493753) (1073741817)

GC Precious Log:
 CardTable entry size: 512
 Card Set container configuration: InlinePtr #cards 5 size 8 Array Of Cards #cards 10 size 36 Howl #buckets 4 coarsen threshold 1843 Howl Bitmap #cards 512 size 80 coarsen threshold 460 Card regions per heap region 1 cards per card region 2048
 CPUs: 4 total, 4 available
 Memory: 8094M
 Large Page Support: Disabled
 NUMA Support: Disabled
 Compressed Oops: Enabled (32-bit)
 Heap Region Size: 1M
 Heap Min Capacity: 8M
 Heap Initial Capacity: 128M
 Heap Max Capacity: 2024M
 Pre-touch: Disabled
 Parallel Workers: 4
 Concurrent Workers: 1
 Concurrent Refinement Workers: 4
 Periodic GC: Disabled

Heap:
 garbage-first heap   total reserved 2072576K, committed 131072K, used 3072K [0x0000000081800000, 0x0000000100000000)
  region size 1024K, 4 young (4096K), 0 survivors (0K)
 Metaspace       used 7903K, committed 8064K, reserved 1114112K
  class space    used 573K, committed 640K, reserved 1048576K

Heap Regions: E=young(eden), S=young(survivor), O=old, HS=humongous(starts), HC=humongous(continues), CS=collection set, F=free, TAMS=top-at-mark-start, PB=parsable bottom
|   0|0x0000000081800000, 0x0000000081800000, 0x0000000081900000|  0%| F|  |TAMS 0x0000000081800000| PB 0x0000000081800000| Untracked |  0
|   1|0x0000000081900000, 0x0000000081900000, 0x0000000081a00000|  0%| F|  |TAMS 0x0000000081900000| PB 0x0000000081900000| Untracked |  0
|   2|0x0000000081a00000, 0x0000000081a00000, 0x0000000081b00000|  0%| F|  |TAMS 0x0000000081a00000| PB 0x0000000081a00000| Untracked |  0
|   3|0x0000000081b00000, 0x0000000081b00000, 0x0000000081c00000|  0%| F|  |TAMS 0x0000000081b00000| PB 0x0000000081b00000| Untracked |  0
|   4|0x0000000081c00000, 0x0000000081c00000, 0x0000000081d00000|  0%| F|  |TAMS 0x0000000081c00000| PB 0x0000000081c00000| Untracked |  0
|   5|0x0000000081d00000, 0x0000000081d00000, 0x0000000081e00000|  0%| F|  |TAMS 0x0000000081d00000| PB 0x0000000081d00000| Untracked |  0
|   6|0x0000000081e00000, 0x0000000081e00000, 0x0000000081f00000|  0%| F|  |TAMS 0x0000000081e00000| PB 0x0000000081e00000| Untracked |  0
|   7|0x0000000081f00000, 0x0000000081f00000, 0x0000000082000000|  0%| F|  |TAMS 0x0000000081f00000| PB 0x0000000081f00000| Untracked |  0
|   8|0x0000000082000000, 0x0000000082000000, 0x0000000082100000|  0%| F|  |TAMS 0x0000000082000000| PB 0x0000000082000000| Untracked |  0
|   9|0x0000000082100000, 0x0000000082100000, 0x0000000082200000|  0%| F|  |TAMS 0x0000000082100000| PB 0x0000000082100000| Untracked |  0
|  10|0x0000000082200000, 0x0000000082200000, 0x0000000082300000|  0%| F|  |TAMS 0x0000000082200000| PB 0x0000000082200000| Untracked |  0
|  11|0x0000000082300000, 0x0000000082300000, 0x0000000082400000|  0%| F|  |TAMS 0x0000000082300000| PB 0x0000000082300000| Untracked |  0
|  12|0x0000000082400000, 0x0000000082400000, 0x0000000082500000|  0%| F|  |TAMS 0x0000000082400000| PB 0x0000000082400000| Untracked |  0
|  13|0x0000000082500000, 0x0000000082500000, 0x0000000082600000|  0%| F|  |TAMS 0x0000000082500000| PB 0x0000000082500000| Untracked |  0
|  14|0x0000000082600000, 0x0000000082600000, 0x0000000082700000|  0%| F|  |TAMS 0x0000000082600000| PB 0x0000000082600000| Untracked |  0
|  15|0x0000000082700000, 0x0000000082700000, 0x0000000082800000|  0%| F|  |TAMS 0x0000000082700000| PB 0x0000000082700000| Untracked |  0
|  16|0x0000000082800000, 0x0000000082800000, 0x0000000082900000|  0%| F|  |TAMS 0x0000000082800000| PB 0x0000000082800000| Untracked |  0
|  17|0x0000000082900000, 0x0000000082900000, 0x0000000082a00000|  0%| F|  |TAMS 0x0000000082900000| PB 0x0000000082900000| Untracked |  0
|  18|0x0000000082a00000, 0x0000000082a00000, 0x0000000082b00000|  0%| F|  |TAMS 0x0000000082a00000| PB 0x0000000082a00000| Untracked |  0
|  19|0x0000000082b00000, 0x0000000082b00000, 0x0000000082c00000|  0%| F|  |TAMS 0x0000000082b00000| PB 0x0000000082b00000| Untracked |  0
|  20|0x0000000082c00000, 0x0000000082c00000, 0x0000000082d00000|  0%| F|  |TAMS 0x0000000082c00000| PB 0x0000000082c00000| Untracked |  0
|  21|0x0000000082d00000, 0x0000000082d00000, 0x0000000082e00000|  0%| F|  |TAMS 0x0000000082d00000| PB 0x0000000082d00000| Untracked |  0
|  22|0x0000000082e00000, 0x0000000082e00000, 0x0000000082f00000|  0%| F|  |TAMS 0x0000000082e00000| PB 0x0000000082e00000| Untracked |  0
|  23|0x0000000082f00000, 0x0000000082f00000, 0x0000000083000000|  0%| F|  |TAMS 0x0000000082f00000| PB 0x0000000082f00000| Untracked |  0
|  24|0x0000000083000000, 0x0000000083000000, 0x0000000083100000|  0%| F|  |TAMS 0x0000000083000000| PB 0x0000000083000000| Untracked |  0
|  25|0x0000000083100000, 0x0000000083100000, 0x0000000083200000|  0%| F|  |TAMS 0x0000000083100000| PB 0x0000000083100000| Untracked |  0
|  26|0x0000000083200000, 0x0000000083200000, 0x0000000083300000|  0%| F|  |TAMS 0x0000000083200000| PB 0x0000000083200000| Untracked |  0
|  27|0x0000000083300000, 0x0000000083300000, 0x0000000083400000|  0%| F|  |TAMS 0x0000000083300000| PB 0x0000000083300000| Untracked |  0
|  28|0x0000000083400000, 0x0000000083400000, 0x0000000083500000|  0%| F|  |TAMS 0x0000000083400000| PB 0x0000000083400000| Untracked |  0
|  29|0x0000000083500000, 0x0000000083500000, 0x0000000083600000|  0%| F|  |TAMS 0x0000000083500000| PB 0x0000000083500000| Untracked |  0
|  30|0x0000000083600000, 0x0000000083600000, 0x0000000083700000|  0%| F|  |TAMS 0x0000000083600000| PB 0x0000000083600000| Untracked |  0
|  31|0x0000000083700000, 0x0000000083700000, 0x0000000083800000|  0%| F|  |TAMS 0x0000000083700000| PB 0x0000000083700000| Untracked |  0
|  32|0x0000000083800000, 0x0000000083800000, 0x0000000083900000|  0%| F|  |TAMS 0x0000000083800000| PB 0x0000000083800000| Untracked |  0
|  33|0x0000000083900000, 0x0000000083900000, 0x0000000083a00000|  0%| F|  |TAMS 0x0000000083900000| PB 0x0000000083900000| Untracked |  0
|  34|0x0000000083a00000, 0x0000000083a00000, 0x0000000083b00000|  0%| F|  |TAMS 0x0000000083a00000| PB 0x0000000083a00000| Untracked |  0
|  35|0x0000000083b00000, 0x0000000083b00000, 0x0000000083c00000|  0%| F|  |TAMS 0x0000000083b00000| PB 0x0000000083b00000| Untracked |  0
|  36|0x0000000083c00000, 0x0000000083c00000, 0x0000000083d00000|  0%| F|  |TAMS 0x0000000083c00000| PB 0x0000000083c00000| Untracked |  0
|  37|0x0000000083d00000, 0x0000000083d00000, 0x0000000083e00000|  0%| F|  |TAMS 0x0000000083d00000| PB 0x0000000083d00000| Untracked |  0
|  38|0x0000000083e00000, 0x0000000083e00000, 0x0000000083f00000|  0%| F|  |TAMS 0x0000000083e00000| PB 0x0000000083e00000| Untracked |  0
|  39|0x0000000083f00000, 0x0000000083f00000, 0x0000000084000000|  0%| F|  |TAMS 0x0000000083f00000| PB 0x0000000083f00000| Untracked |  0
|  40|0x0000000084000000, 0x0000000084000000, 0x0000000084100000|  0%| F|  |TAMS 0x0000000084000000| PB 0x0000000084000000| Untracked |  0
|  41|0x0000000084100000, 0x0000000084100000, 0x0000000084200000|  0%| F|  |TAMS 0x0000000084100000| PB 0x0000000084100000| Untracked |  0
|  42|0x0000000084200000, 0x0000000084200000, 0x0000000084300000|  0%| F|  |TAMS 0x0000000084200000| PB 0x0000000084200000| Untracked |  0
|  43|0x0000000084300000, 0x0000000084300000, 0x0000000084400000|  0%| F|  |TAMS 0x0000000084300000| PB 0x0000000084300000| Untracked |  0
|  44|0x0000000084400000, 0x0000000084400000, 0x0000000084500000|  0%| F|  |TAMS 0x0000000084400000| PB 0x0000000084400000| Untracked |  0
|  45|0x0000000084500000, 0x0000000084500000, 0x0000000084600000|  0%| F|  |TAMS 0x0000000084500000| PB 0x0000000084500000| Untracked |  0
|  46|0x0000000084600000, 0x0000000084600000, 0x0000000084700000|  0%| F|  |TAMS 0x0000000084600000| PB 0x0000000084600000| Untracked |  0
|  47|0x0000000084700000, 0x0000000084700000, 0x0000000084800000|  0%| F|  |TAMS 0x0000000084700000| PB 0x0000000084700000| Untracked |  0
|  48|0x0000000084800000, 0x0000000084800000, 0x0000000084900000|  0%| F|  |TAMS 0x0000000084800000| PB 0x0000000084800000| Untracked |  0
|  49|0x0000000084900000, 0x0000000084900000, 0x0000000084a00000|  0%| F|  |TAMS 0x0000000084900000| PB 0x0000000084900000| Untracked |  0
|  50|0x0000000084a00000, 0x0000000084a00000, 0x0000000084b00000|  0%| F|  |TAMS 0x0000000084a00000| PB 0x0000000084a00000| Untracked |  0
|  51|0x0000000084b00000, 0x0000000084b00000, 0x0000000084c00000|  0%| F|  |TAMS 0x0000000084b00000| PB 0x0000000084b00000| Untracked |  0
|  52|0x0000000084c00000, 0x0000000084c00000, 0x0000000084d00000|  0%| F|  |TAMS 0x0000000084c00000| PB 0x0000000084c00000| Untracked |  0
|  53|0x0000000084d00000, 0x0000000084d00000, 0x0000000084e00000|  0%| F|  |TAMS 0x0000000084d00000| PB 0x0000000084d00000| Untracked |  0
|  54|0x0000000084e00000, 0x0000000084e00000, 0x0000000084f00000|  0%| F|  |TAMS 0x0000000084e00000| PB 0x0000000084e00000| Untracked |  0
|  55|0x0000000084f00000, 0x0000000084f00000, 0x0000000085000000|  0%| F|  |TAMS 0x0000000084f00000| PB 0x0000000084f00000| Untracked |  0
|  56|0x0000000085000000, 0x0000000085000000, 0x0000000085100000|  0%| F|  |TAMS 0x0000000085000000| PB 0x0000000085000000| Untracked |  0
|  57|0x0000000085100000, 0x0000000085100000, 0x0000000085200000|  0%| F|  |TAMS 0x0000000085100000| PB 0x0000000085100000| Untracked |  0
|  58|0x0000000085200000, 0x0000000085200000, 0x0000000085300000|  0%| F|  |TAMS 0x0000000085200000| PB 0x0000000085200000| Untracked |  0
|  59|0x0000000085300000, 0x0000000085300000, 0x0000000085400000|  0%| F|  |TAMS 0x0000000085300000| PB 0x0000000085300000| Untracked |  0
|  60|0x0000000085400000, 0x0000000085400000, 0x0000000085500000|  0%| F|  |TAMS 0x0000000085400000| PB 0x0000000085400000| Untracked |  0
|  61|0x0000000085500000, 0x0000000085500000, 0x0000000085600000|  0%| F|  |TAMS 0x0000000085500000| PB 0x0000000085500000| Untracked |  0
|  62|0x0000000085600000, 0x0000000085600000, 0x0000000085700000|  0%| F|  |TAMS 0x0000000085600000| PB 0x0000000085600000| Untracked |  0
|  63|0x0000000085700000, 0x0000000085700000, 0x0000000085800000|  0%| F|  |TAMS 0x0000000085700000| PB 0x0000000085700000| Untracked |  0
|  64|0x0000000085800000, 0x0000000085800000, 0x0000000085900000|  0%| F|  |TAMS 0x0000000085800000| PB 0x0000000085800000| Untracked |  0
|  65|0x0000000085900000, 0x0000000085900000, 0x0000000085a00000|  0%| F|  |TAMS 0x0000000085900000| PB 0x0000000085900000| Untracked |  0
|  66|0x0000000085a00000, 0x0000000085a00000, 0x0000000085b00000|  0%| F|  |TAMS 0x0000000085a00000| PB 0x0000000085a00000| Untracked |  0
|  67|0x0000000085b00000, 0x0000000085b00000, 0x0000000085c00000|  0%| F|  |TAMS 0x0000000085b00000| PB 0x0000000085b00000| Untracked |  0
|  68|0x0000000085c00000, 0x0000000085c00000, 0x0000000085d00000|  0%| F|  |TAMS 0x0000000085c00000| PB 0x0000000085c00000| Untracked |  0
|  69|0x0000000085d00000, 0x0000000085d00000, 0x0000000085e00000|  0%| F|  |TAMS 0x0000000085d00000| PB 0x0000000085d00000| Untracked |  0
|  70|0x0000000085e00000, 0x0000000085e00000, 0x0000000085f00000|  0%| F|  |TAMS 0x0000000085e00000| PB 0x0000000085e00000| Untracked |  0
|  71|0x0000000085f00000, 0x0000000085f00000, 0x0000000086000000|  0%| F|  |TAMS 0x0000000085f00000| PB 0x0000000085f00000| Untracked |  0
|  72|0x0000000086000000, 0x0000000086000000, 0x0000000086100000|  0%| F|  |TAMS 0x0000000086000000| PB 0x0000000086000000| Untracked |  0
|  73|0x0000000086100000, 0x0000000086100000, 0x0000000086200000|  0%| F|  |TAMS 0x0000000086100000| PB 0x0000000086100000| Untracked |  0
|  74|0x0000000086200000, 0x0000000086200000, 0x0000000086300000|  0%| F|  |TAMS 0x0000000086200000| PB 0x0000000086200000| Untracked |  0
|  75|0x0000000086300000, 0x0000000086300000, 0x0000000086400000|  0%| F|  |TAMS 0x0000000086300000| PB 0x0000000086300000| Untracked |  0
|  76|0x0000000086400000, 0x0000000086400000, 0x0000000086500000|  0%| F|  |TAMS 0x0000000086400000| PB 0x0000000086400000| Untracked |  0
|  77|0x0000000086500000, 0x0000000086500000, 0x0000000086600000|  0%| F|  |TAMS 0x0000000086500000| PB 0x0000000086500000| Untracked |  0
|  78|0x0000000086600000, 0x0000000086600000, 0x0000000086700000|  0%| F|  |TAMS 0x0000000086600000| PB 0x0000000086600000| Untracked |  0
|  79|0x0000000086700000, 0x0000000086700000, 0x0000000086800000|  0%| F|  |TAMS 0x0000000086700000| PB 0x0000000086700000| Untracked |  0
|  80|0x0000000086800000, 0x0000000086800000, 0x0000000086900000|  0%| F|  |TAMS 0x0000000086800000| PB 0x0000000086800000| Untracked |  0
|  81|0x0000000086900000, 0x0000000086900000, 0x0000000086a00000|  0%| F|  |TAMS 0x0000000086900000| PB 0x0000000086900000| Untracked |  0
|  82|0x0000000086a00000, 0x0000000086a00000, 0x0000000086b00000|  0%| F|  |TAMS 0x0000000086a00000| PB 0x0000000086a00000| Untracked |  0
|  83|0x0000000086b00000, 0x0000000086b00000, 0x0000000086c00000|  0%| F|  |TAMS 0x0000000086b00000| PB 0x0000000086b00000| Untracked |  0
|  84|0x0000000086c00000, 0x0000000086c00000, 0x0000000086d00000|  0%| F|  |TAMS 0x0000000086c00000| PB 0x0000000086c00000| Untracked |  0
|  85|0x0000000086d00000, 0x0000000086d00000, 0x0000000086e00000|  0%| F|  |TAMS 0x0000000086d00000| PB 0x0000000086d00000| Untracked |  0
|  86|0x0000000086e00000, 0x0000000086e00000, 0x0000000086f00000|  0%| F|  |TAMS 0x0000000086e00000| PB 0x0000000086e00000| Untracked |  0
|  87|0x0000000086f00000, 0x0000000086f00000, 0x0000000087000000|  0%| F|  |TAMS 0x0000000086f00000| PB 0x0000000086f00000| Untracked |  0
|  88|0x0000000087000000, 0x0000000087000000, 0x0000000087100000|  0%| F|  |TAMS 0x0000000087000000| PB 0x0000000087000000| Untracked |  0
|  89|0x0000000087100000, 0x0000000087100000, 0x0000000087200000|  0%| F|  |TAMS 0x0000000087100000| PB 0x0000000087100000| Untracked |  0
|  90|0x0000000087200000, 0x0000000087200000, 0x0000000087300000|  0%| F|  |TAMS 0x0000000087200000| PB 0x0000000087200000| Untracked |  0
|  91|0x0000000087300000, 0x0000000087300000, 0x0000000087400000|  0%| F|  |TAMS 0x0000000087300000| PB 0x0000000087300000| Untracked |  0
|  92|0x0000000087400000, 0x0000000087400000, 0x0000000087500000|  0%| F|  |TAMS 0x0000000087400000| PB 0x0000000087400000| Untracked |  0
|  93|0x0000000087500000, 0x0000000087500000, 0x0000000087600000|  0%| F|  |TAMS 0x0000000087500000| PB 0x0000000087500000| Untracked |  0
|  94|0x0000000087600000, 0x0000000087600000, 0x0000000087700000|  0%| F|  |TAMS 0x0000000087600000| PB 0x0000000087600000| Untracked |  0
|  95|0x0000000087700000, 0x0000000087700000, 0x0000000087800000|  0%| F|  |TAMS 0x0000000087700000| PB 0x0000000087700000| Untracked |  0
|  96|0x0000000087800000, 0x0000000087800000, 0x0000000087900000|  0%| F|  |TAMS 0x0000000087800000| PB 0x0000000087800000| Untracked |  0
|  97|0x0000000087900000, 0x0000000087900000, 0x0000000087a00000|  0%| F|  |TAMS 0x0000000087900000| PB 0x0000000087900000| Untracked |  0
|  98|0x0000000087a00000, 0x0000000087a00000, 0x0000000087b00000|  0%| F|  |TAMS 0x0000000087a00000| PB 0x0000000087a00000| Untracked |  0
|  99|0x0000000087b00000, 0x0000000087b00000, 0x0000000087c00000|  0%| F|  |TAMS 0x0000000087b00000| PB 0x0000000087b00000| Untracked |  0
| 100|0x0000000087c00000, 0x0000000087c00000, 0x0000000087d00000|  0%| F|  |TAMS 0x0000000087c00000| PB 0x0000000087c00000| Untracked |  0
| 101|0x0000000087d00000, 0x0000000087d00000, 0x0000000087e00000|  0%| F|  |TAMS 0x0000000087d00000| PB 0x0000000087d00000| Untracked |  0
| 102|0x0000000087e00000, 0x0000000087e00000, 0x0000000087f00000|  0%| F|  |TAMS 0x0000000087e00000| PB 0x0000000087e00000| Untracked |  0
| 103|0x0000000087f00000, 0x0000000087f00000, 0x0000000088000000|  0%| F|  |TAMS 0x0000000087f00000| PB 0x0000000087f00000| Untracked |  0
| 104|0x0000000088000000, 0x0000000088000000, 0x0000000088100000|  0%| F|  |TAMS 0x0000000088000000| PB 0x0000000088000000| Untracked |  0
| 105|0x0000000088100000, 0x0000000088100000, 0x0000000088200000|  0%| F|  |TAMS 0x0000000088100000| PB 0x0000000088100000| Untracked |  0
| 106|0x0000000088200000, 0x0000000088200000, 0x0000000088300000|  0%| F|  |TAMS 0x0000000088200000| PB 0x0000000088200000| Untracked |  0
| 107|0x0000000088300000, 0x0000000088300000, 0x0000000088400000|  0%| F|  |TAMS 0x0000000088300000| PB 0x0000000088300000| Untracked |  0
| 108|0x0000000088400000, 0x0000000088400000, 0x0000000088500000|  0%| F|  |TAMS 0x0000000088400000| PB 0x0000000088400000| Untracked |  0
| 109|0x0000000088500000, 0x0000000088500000, 0x0000000088600000|  0%| F|  |TAMS 0x0000000088500000| PB 0x0000000088500000| Untracked |  0
| 110|0x0000000088600000, 0x0000000088600000, 0x0000000088700000|  0%| F|  |TAMS 0x0000000088600000| PB 0x0000000088600000| Untracked |  0
| 111|0x0000000088700000, 0x0000000088700000, 0x0000000088800000|  0%| F|  |TAMS 0x0000000088700000| PB 0x0000000088700000| Untracked |  0
| 112|0x0000000088800000, 0x0000000088800000, 0x0000000088900000|  0%| F|  |TAMS 0x0000000088800000| PB 0x0000000088800000| Untracked |  0
| 113|0x0000000088900000, 0x0000000088900000, 0x0000000088a00000|  0%| F|  |TAMS 0x0000000088900000| PB 0x0000000088900000| Untracked |  0
| 114|0x0000000088a00000, 0x0000000088a00000, 0x0000000088b00000|  0%| F|  |TAMS 0x0000000088a00000| PB 0x0000000088a00000| Untracked |  0
| 115|0x0000000088b00000, 0x0000000088b00000, 0x0000000088c00000|  0%| F|  |TAMS 0x0000000088b00000| PB 0x0000000088b00000| Untracked |  0
| 116|0x0000000088c00000, 0x0000000088c00000, 0x0000000088d00000|  0%| F|  |TAMS 0x0000000088c00000| PB 0x0000000088c00000| Untracked |  0
| 117|0x0000000088d00000, 0x0000000088d00000, 0x0000000088e00000|  0%| F|  |TAMS 0x0000000088d00000| PB 0x0000000088d00000| Untracked |  0
| 118|0x0000000088e00000, 0x0000000088e00000, 0x0000000088f00000|  0%| F|  |TAMS 0x0000000088e00000| PB 0x0000000088e00000| Untracked |  0
| 119|0x0000000088f00000, 0x0000000088f00000, 0x0000000089000000|  0%| F|  |TAMS 0x0000000088f00000| PB 0x0000000088f00000| Untracked |  0
| 120|0x0000000089000000, 0x0000000089000000, 0x0000000089100000|  0%| F|  |TAMS 0x0000000089000000| PB 0x0000000089000000| Untracked |  0
| 121|0x0000000089100000, 0x0000000089100000, 0x0000000089200000|  0%| F|  |TAMS 0x0000000089100000| PB 0x0000000089100000| Untracked |  0
| 122|0x0000000089200000, 0x0000000089200000, 0x0000000089300000|  0%| F|  |TAMS 0x0000000089200000| PB 0x0000000089200000| Untracked |  0
| 123|0x0000000089300000, 0x0000000089300000, 0x0000000089400000|  0%| F|  |TAMS 0x0000000089300000| PB 0x0000000089300000| Untracked |  0
| 124|0x0000000089400000, 0x0000000089480000, 0x0000000089500000| 50%| E|  |TAMS 0x0000000089400000| PB 0x0000000089400000| Complete |  0
| 125|0x0000000089500000, 0x0000000089600000, 0x0000000089600000|100%| E|CS|TAMS 0x0000000089500000| PB 0x0000000089500000| Complete |  0
| 126|0x0000000089600000, 0x0000000089700000, 0x0000000089700000|100%| E|CS|TAMS 0x0000000089600000| PB 0x0000000089600000| Complete |  0
| 127|0x0000000089700000, 0x0000000089800000, 0x0000000089800000|100%| E|CS|TAMS 0x0000000089700000| PB 0x0000000089700000| Complete |  0

Card table byte_map: [0x000002283b8a0000,0x000002283bca0000] _byte_map_base: 0x000002283b494000

Marking Bits: (CMBitMap*) 0x0000022823c50e90
 Bits: [0x000002283bca0000, 0x000002283dc40000)

Polling page: 0x0000022821bf0000

Metaspace:

Usage:
  Non-class:      7.16 MB used.
      Class:    573.60 KB used.
       Both:      7.72 MB used.

Virtual space:
  Non-class space:       64.00 MB reserved,       7.25 MB ( 11%) committed,  1 nodes.
      Class space:        1.00 GB reserved,     640.00 KB ( <1%) committed,  1 nodes.
             Both:        1.06 GB reserved,       7.88 MB ( <1%) committed. 

Chunk freelists:
   Non-Class:  8.78 MB
       Class:  15.22 MB
        Both:  24.00 MB

MaxMetaspaceSize: unlimited
CompressedClassSpaceSize: 1.00 GB
Initial GC threshold: 21.00 MB
Current GC threshold: 21.00 MB
CDS: off
 - commit_granule_bytes: 65536.
 - commit_granule_words: 8192.
 - virtual_space_node_default_size: 8388608.
 - enlarge_chunks_in_place: 1.
UseCompressedClassPointers 1, UseCompactObjectHeaders 0
Narrow klass pointer bits 32, Max shift 3
Narrow klass base: 0x0000000000000000, Narrow klass shift: 0
Encoding Range: [0x0000000000000000 - 0x0000000100000000), (4294967296 bytes)
Klass Range:    [0x000000002e000000 - 0x000000006e000000), (1073741824 bytes)
Klass ID Range:  [771751936 - 1845493753) (1073741817)


Internal statistics:

num_allocs_failed_limit: 0.
num_arena_births: 30.
num_arena_deaths: 0.
num_vsnodes_births: 2.
num_vsnodes_deaths: 0.
num_space_committed: 126.
num_space_uncommitted: 0.
num_chunks_returned_to_freelist: 0.
num_chunks_taken_from_freelist: 52.
num_chunk_merges: 0.
num_chunk_splits: 32.
num_chunks_enlarged: 21.
num_inconsistent_stats: 0.

CodeHeap 'non-profiled nmethods': size=120064Kb used=91Kb max_used=91Kb free=119972Kb
 bounds [0x0000022833f60000, 0x00000228341d0000, 0x000002283b4a0000]
CodeHeap 'profiled nmethods': size=120000Kb used=326Kb max_used=326Kb free=119673Kb
 bounds [0x000002282c4a0000, 0x000002282c710000, 0x00000228339d0000]
CodeHeap 'non-nmethods': size=5696Kb used=1225Kb max_used=1238Kb free=4470Kb
 bounds [0x00000228339d0000, 0x0000022833c40000, 0x0000022833f60000]
CodeCache: size=245760Kb, used=1642Kb, max_used=1655Kb, free=244115Kb
 total_blobs=675, nmethods=282, adapters=299, full_count=0
Compilation: enabled, stopped_count=0, restarted_count=0

Compilation events (20 events):
Event: 0.365 Thread 0x0000022840170080 nmethod 246 0x0000022833f71688 code [0x0000022833f71780, 0x0000022833f71848]
Event: 0.365 Thread 0x0000022840170080  248       1       jdk.internal.classfile.impl.AbstractPoolEntry$ClassEntryImpl::tag (3 bytes)
Event: 0.365 Thread 0x0000022840170080 nmethod 248 0x0000022833f71988 code [0x0000022833f71a80, 0x0000022833f71b48]
Event: 0.365 Thread 0x0000022840170080  249       1       jdk.internal.classfile.impl.AbstractPoolEntry::hashCode (5 bytes)
Event: 0.365 Thread 0x0000022840170080 nmethod 249 0x0000022833f71c88 code [0x0000022833f71d80, 0x0000022833f71e48]
Event: 0.365 Thread 0x0000022840170080  250       3       java.lang.Record::<init> (5 bytes)
Event: 0.365 Thread 0x0000022840170080 nmethod 250 0x000002282c4d7a08 code [0x000002282c4d7b20, 0x000002282c4d7c80]
Event: 0.365 Thread 0x0000022840170080  251       1       java.util.ArrayList::size (5 bytes)
Event: 0.365 Thread 0x0000022840170080 nmethod 251 0x0000022833f71f88 code [0x0000022833f72080, 0x0000022833f72148]
Event: 0.365 Thread 0x0000022840170080  252       3       jdk.internal.classfile.impl.StackMapGenerator::processBlock (2767 bytes)
Event: 0.365 Thread 0x0000022840166680  254       4       jdk.internal.misc.Unsafe::toUnsignedInt (6 bytes)
Event: 0.366 Thread 0x0000022840166680 nmethod 254 0x0000022833f72288 code [0x0000022833f72380, 0x0000022833f723e8]
Event: 0.377 Thread 0x0000022840166680  272   !   4       java.nio.DirectByteBuffer::get (34 bytes)
Event: 0.379 Thread 0x0000022840166680 nmethod 272 0x0000022833f74888 code [0x0000022833f749a0, 0x0000022833f74af0]
Event: 0.379 Thread 0x0000022840166680  277       4       java.lang.String::coder (15 bytes)
Event: 0.380 Thread 0x0000022840166680 nmethod 277 0x0000022833f74b88 code [0x0000022833f74c80, 0x0000022833f74cf8]
Event: 0.380 Thread 0x0000022840166680  276       4       java.nio.Buffer::session (20 bytes)
Event: 0.380 Thread 0x0000022840166680 nmethod 276 0x0000022833f74e88 code [0x0000022833f74f80, 0x0000022833f75018]
Event: 0.380 Thread 0x0000022840166680  278   !   4       jdk.internal.misc.ScopedMemoryAccess::getByte (16 bytes)
Event: 0.381 Thread 0x0000022840166680 nmethod 278 0x0000022833f75188 code [0x0000022833f75280, 0x0000022833f75340]

GC Heap History (0 events):
No events

Dll operation events (8 events):
Event: 0.010 Loaded shared library D:\jdk\bin\java.dll
Event: 0.117 Loaded shared library D:\jdk\bin\jsvml.dll
Event: 0.195 Loaded shared library D:\jdk\bin\net.dll
Event: 0.197 Loaded shared library D:\jdk\bin\nio.dll
Event: 0.282 Loaded shared library D:\jdk\bin\zip.dll
Event: 0.290 Loaded shared library D:\jdk\bin\verify.dll
Event: 0.294 Loaded shared library D:\jdk\bin\jimage.dll
Event: 0.319 Loaded shared library D:\jdk\bin\attach.dll

Deoptimization events (0 events):
No events

Classes loaded (20 events):
Event: 0.363 Loading class jdk/internal/classfile/impl/AbstractAttributeMapper$ExceptionsMapper
Event: 0.363 Loading class jdk/internal/classfile/impl/AbstractAttributeMapper$ExceptionsMapper done
Event: 0.363 Loading class java/lang/invoke/ClassSpecializer$Factory$1$5$1
Event: 0.364 Loading class java/lang/invoke/ClassSpecializer$Factory$1$5$1 done
Event: 0.370 Loading class java/lang/invoke/BoundMethodHandle$Species_LLL
Event: 0.370 Loading class java/lang/invoke/BoundMethodHandle$Species_LLL done
Event: 0.372 Loading class java/util/TreeMap
Event: 0.373 Loading class java/util/NavigableMap
Event: 0.373 Loading class java/util/SortedMap
Event: 0.373 Loading class java/util/SortedMap done
Event: 0.373 Loading class java/util/NavigableMap done
Event: 0.373 Loading class java/util/TreeMap done
Event: 0.374 Loading class java/nio/HeapIntBuffer
Event: 0.375 Loading class java/nio/HeapIntBuffer done
Event: 0.376 Loading class java/util/TreeMap$Entry
Event: 0.376 Loading class java/util/TreeMap$Entry done
Event: 0.378 Loading class jdk/internal/foreign/MemorySessionImpl
Event: 0.378 Loading class java/lang/foreign/MemorySegment$Scope
Event: 0.379 Loading class java/lang/foreign/MemorySegment$Scope done
Event: 0.379 Loading class jdk/internal/foreign/MemorySessionImpl done

Classes unloaded (0 events):
No events

Classes redefined (0 events):
No events

Internal exceptions (3 events):
Event: 0.358 Thread 0x0000022821a1e190 Exception <a 'java/lang/NoSuchMethodError'{0x00000000895d4b40}: 'java.lang.Object java.lang.invoke.DirectMethodHandle$Holder.newInvokeSpecial(java.lang.Object, java.lang.Object, int)'> (0x00000000895d4b40) 
thrown [s\open\src\hotspot\share\interpreter\linkResolver.cpp, line 805]
Event: 0.366 Thread 0x0000022821a1e190 Exception <a 'java/lang/NoSuchMethodError'{0x00000000895eea00}: 'java.lang.Object java.lang.invoke.DirectMethodHandle$Holder.invokeStatic(java.lang.Object, java.lang.Object, java.lang.Object, java.lang.Object, int)'> (0x00000000895eea00) 
thrown [s\open\src\hotspot\share\interpreter\linkResolver.cpp, line 805]
Event: 0.370 Thread 0x0000022821a1e190 Exception <a 'java/lang/NoSuchMethodError'{0x000000008940a168}: 'int java.lang.invoke.DirectMethodHandle$Holder.invokeSpecial(java.lang.Object, java.lang.Object, java.lang.Object)'> (0x000000008940a168) 
thrown [s\open\src\hotspot\share\interpreter\linkResolver.cpp, line 805]

VM Operations (2 events):
Event: 0.285 Executing VM operation: HandshakeAllThreads (Deoptimize)
Event: 0.285 Executing VM operation: HandshakeAllThreads (Deoptimize) done

Memory protections (0 events):
No events

Nmethod flushes (0 events):
No events

Events (11 events):
Event: 0.020 Thread 0x0000022821a1e190 Thread added: 0x0000022821a1e190
Event: 0.114 Thread 0x0000022821a1e190 Thread added: 0x0000022840165210
Event: 0.114 Thread 0x0000022821a1e190 Thread added: 0x000002284014e350
Event: 0.116 Thread 0x0000022821a1e190 Thread added: 0x0000022840159ce0
Event: 0.116 Thread 0x0000022821a1e190 Thread added: 0x000002284015a810
Event: 0.116 Thread 0x0000022821a1e190 Thread added: 0x000002284015bae0
Event: 0.116 Thread 0x0000022821a1e190 Thread added: 0x00000228401548a0
Event: 0.116 Thread 0x0000022821a1e190 Thread added: 0x0000022840166680
Event: 0.116 Thread 0x0000022821a1e190 Thread added: 0x0000022840170080
Event: 0.177 Thread 0x0000022821a1e190 Thread added: 0x00000228402e0a80
Event: 0.184 Thread 0x0000022821a1e190 Thread added: 0x00000228402e79f0


Dynamic libraries:
0x00007ff7517a0000 - 0x00007ff7517ae000 	D:\jdk\bin\java.exe
0x00007ffc26e90000 - 0x00007ffc270a7000 	C:\Windows\SYSTEM32\ntdll.dll
0x00007ffc25a40000 - 0x00007ffc25b04000 	C:\Windows\System32\KERNEL32.DLL
0x00007ffc24530000 - 0x00007ffc248e7000 	C:\Windows\System32\KERNELBASE.dll
0x00007ffc24410000 - 0x00007ffc24521000 	C:\Windows\System32\ucrtbase.dll
0x00007ffc1d170000 - 0x00007ffc1d186000 	D:\jdk\bin\jli.dll
0x00007ffc14cd0000 - 0x00007ffc14ceb000 	D:\jdk\bin\VCRUNTIME140.dll
0x00007ffc25490000 - 0x00007ffc2563f000 	C:\Windows\System32\USER32.dll
0x00007ffc243e0000 - 0x00007ffc24406000 	C:\Windows\System32\win32u.dll
0x00007ffc14eb0000 - 0x00007ffc15143000 	C:\Windows\WinSxS\amd64_microsoft.windows.common-controls_6595b64144ccf1df_6.0.22621.3672_none_2713b9d173822955\COMCTL32.dll
0x00007ffc25640000 - 0x00007ffc25669000 	C:\Windows\System32\GDI32.dll
0x00007ffc25f00000 - 0x00007ffc25fa7000 	C:\Windows\System32\msvcrt.dll
0x00007ffc24a20000 - 0x00007ffc24b38000 	C:\Windows\System32\gdi32full.dll
0x00007ffc241a0000 - 0x00007ffc2423a000 	C:\Windows\System32\msvcp_win.dll
0x00007ffc25670000 - 0x00007ffc256a1000 	C:\Windows\System32\IMM32.DLL
0x00007ffc1e6c0000 - 0x00007ffc1e6cc000 	D:\jdk\bin\vcruntime140_1.dll
0x00007ffc0a270000 - 0x00007ffc0a2fe000 	D:\jdk\bin\msvcp140.dll
0x00007ffbb6c90000 - 0x00007ffbb7a31000 	D:\jdk\bin\server\jvm.dll
0x00007ffc26d10000 - 0x00007ffc26dc2000 	C:\Windows\System32\ADVAPI32.dll
0x00007ffc25b10000 - 0x00007ffc25bb8000 	C:\Windows\System32\sechost.dll
0x00007ffc24240000 - 0x00007ffc24268000 	C:\Windows\System32\bcrypt.dll
0x00007ffc256b0000 - 0x00007ffc257c4000 	C:\Windows\System32\RPCRT4.dll
0x00007ffc26c90000 - 0x00007ffc26d01000 	C:\Windows\System32\WS2_32.dll
0x00007ffc23050000 - 0x00007ffc2309d000 	C:\Windows\SYSTEM32\POWRPROF.dll
0x00007ffc1d0c0000 - 0x00007ffc1d0f4000 	C:\Windows\SYSTEM32\WINMM.dll
0x00007ffc130f0000 - 0x00007ffc130fa000 	C:\Windows\SYSTEM32\VERSION.dll
0x00007ffc23030000 - 0x00007ffc23043000 	C:\Windows\SYSTEM32\UMPDC.dll
0x00007ffc232e0000 - 0x00007ffc232f8000 	C:\Windows\SYSTEM32\kernel.appcore.dll
0x00007ffc1e000000 - 0x00007ffc1e00a000 	D:\jdk\bin\jimage.dll
0x00007ffc13100000 - 0x00007ffc13332000 	C:\Windows\SYSTEM32\DBGHELP.DLL
0x00007ffc26090000 - 0x00007ffc2641e000 	C:\Windows\System32\combase.dll
0x00007ffc24bc0000 - 0x00007ffc24c97000 	C:\Windows\System32\OLEAUT32.dll
0x00007ffc0d7b0000 - 0x00007ffc0d7e2000 	C:\Windows\SYSTEM32\dbgcore.DLL
0x00007ffc24b40000 - 0x00007ffc24bbb000 	C:\Windows\System32\bcryptPrimitives.dll
0x00007ffc14cb0000 - 0x00007ffc14cce000 	D:\jdk\bin\java.dll
0x00007ffc25bc0000 - 0x00007ffc25d65000 	C:\Windows\System32\ole32.dll
0x00007ffc26420000 - 0x00007ffc26c89000 	C:\Windows\System32\SHELL32.dll
0x00007ffc22120000 - 0x00007ffc22a1f000 	C:\Windows\SYSTEM32\windows.storage.dll
0x00007ffc21fe0000 - 0x00007ffc2211f000 	C:\Windows\SYSTEM32\wintypes.dll
0x00007ffc25390000 - 0x00007ffc25489000 	C:\Windows\System32\SHCORE.dll
0x00007ffc25fb0000 - 0x00007ffc2600e000 	C:\Windows\System32\shlwapi.dll
0x00007ffc240d0000 - 0x00007ffc240f7000 	C:\Windows\SYSTEM32\profapi.dll
0x00007ffbf4310000 - 0x00007ffbf43e7000 	D:\jdk\bin\jsvml.dll
0x00007ffc1dee0000 - 0x00007ffc1def0000 	D:\jdk\bin\net.dll
0x00007ffc23750000 - 0x00007ffc237b9000 	C:\Windows\system32\mswsock.dll
0x00007ffc14c90000 - 0x00007ffc14ca6000 	D:\jdk\bin\nio.dll
0x00007ffc14c70000 - 0x00007ffc14c87000 	D:\jdk\bin\zip.dll
0x00007ffc149a0000 - 0x00007ffc149b0000 	D:\jdk\bin\verify.dll
0x00007ffc14bd0000 - 0x00007ffc14bd9000 	D:\jdk\bin\attach.dll
0x00007ffc257f0000 - 0x00007ffc257f8000 	C:\Windows\System32\PSAPI.DLL

JVMTI agents: none

dbghelp: loaded successfully - version: 4.0.5 - missing functions: none
symbol engine: initialized successfully - sym options: 0x614 - pdb path: .;D:\jdk\bin;C:\Windows\SYSTEM32;C:\Windows\WinSxS\amd64_microsoft.windows.common-controls_6595b64144ccf1df_6.0.22621.3672_none_2713b9d173822955;D:\jdk\bin\server

VM Arguments:
jvm_args: -Dnet.bytebuddy.agent.attacher.dump= 
java_command: net.bytebuddy.agent.Attacher com.sun.tools.attach.VirtualMachine 9564 C:\Users\Printec\.m2\repository\net\bytebuddy\byte-buddy-agent\1.14.6\byte-buddy-agent-1.14.6.jar false 
java_class_path (initial): C:\Users\Printec\.m2\repository\net\bytebuddy\byte-buddy-agent\1.14.6\byte-buddy-agent-1.14.6.jar
Launcher Type: SUN_STANDARD

[Global flags]
     intx CICompilerCount                          = 3                                         {product} {ergonomic}
     uint ConcGCThreads                            = 1                                         {product} {ergonomic}
     uint G1ConcRefinementThreads                  = 4                                         {product} {ergonomic}
   size_t G1HeapRegionSize                         = 1048576                                   {product} {ergonomic}
   size_t InitialHeapSize                          = 134217728                                 {product} {ergonomic}
   size_t MarkStackSize                            = 4194304                                   {product} {ergonomic}
   size_t MarkStackSizeMax                         = 536870912                                 {product} {ergonomic}
   size_t MaxHeapSize                              = 2122317824                                {product} {ergonomic}
   size_t MaxNewSize                               = 1272971264                                {product} {ergonomic}
   size_t MinHeapDeltaBytes                        = 1048576                                   {product} {ergonomic}
   size_t MinHeapSize                              = 8388608                                   {product} {ergonomic}
    uintx NonNMethodCodeHeapSize                   = 5832704                                {pd product} {ergonomic}
    uintx NonProfiledCodeHeapSize                  = 122945536                              {pd product} {ergonomic}
    uintx ProfiledCodeHeapSize                     = 122880000                              {pd product} {ergonomic}
    uintx ReservedCodeCacheSize                    = 251658240                              {pd product} {ergonomic}
     bool SegmentedCodeCache                       = true                                      {product} {ergonomic}
   size_t SoftMaxHeapSize                          = 2122317824                             {manageable} {ergonomic}
     bool UseCompressedOops                        = true                           {product lp64_product} {ergonomic}
     bool UseG1GC                                  = true                                      {product} {ergonomic}
     bool UseLargePagesIndividualAllocation        = false                                  {pd product} {ergonomic}

Logging:
Log output configuration:
 #0: stdout all=warning uptime,level,tags foldmultilines=false
 #1: stderr all=off uptime,level,tags foldmultilines=false

Environment Variables:
PATH=C:\Windows\system32;C:\Windows;C:\Windows\System32\Wbem;C:\Windows\System32\WindowsPowerShell\v1.0\;C:\Windows\System32\OpenSSH\;C:\Program Files (x86)\Windows Kits\10\Windows Performance Toolkit\;C:\Program Files\dotnet\;C:\Program Files (x86)\STMicroelectronics\STM32 ST-LINK Utility\ST-LINK Utility;C:\Program Files (x86)\Microsoft SQL Server\160\Tools\Binn\;C:\Program Files\Microsoft SQL Server\160\Tools\Binn\;C:\Program Files\Microsoft SQL Server\Client SDK\ODBC\170\Tools\Binn\;C:\Program Files\Microsoft SQL Server\160\DTS\Binn\;D:\jdk\bin;D:\programs\Git\cmd;C:\Users\Printec\AppData\Local\Programs\Python\Python312\Scripts\;C:\Users\Printec\AppData\Local\Microsoft\WindowsApps;C:\Program Files (x86)\;C:\Users\Printec\AppData\Local\Programs\Microsoft VS Code\bin;D:\IntelliJ IDEA Community Edition 2025.2.1\bin
USERNAME=Kolya
OS=Windows_NT
PROCESSOR_IDENTIFIER=Intel64 Family 6 Model 58 Stepping 9, GenuineIntel
TMP=C:\Users\Printec\AppData\Local\Temp
TEMP=C:\Users\Printec\AppData\Local\Temp




Periodic native trim disabled

---------------  S Y S T E M  ---------------

OS:
 Windows 11 , 64 bit Build 22621 (10.0.22621.3958)
OS uptime: 0 days 5:22 hours

CPU: total 4 (initial active 4) (2 cores per cpu, 2 threads per core) family 6 model 58 stepping 9 microcode 0x21, cx8, cmov, fxsr, ht, mmx, sse, sse2, sse3, ssse3, sse4.1, sse4.2, popcnt, tsc, tscinvbit, avx, aes, erms, clmul, vzeroupper, clflush, rdtscp, f16c
Processor Information for the first 4 processors :
  Max Mhz: 3001, Current Mhz: 3001, Mhz Limit: 3001

Memory: 4k page, system-wide physical 8094M (743M free)
TotalPageFile size 12081M (AvailPageFile size 3M)
current process WorkingSet (physical memory assigned to process): 41M, peak: 41M
current process commit charge ("private bytes"): 203M, peak: 203M

vm_info: OpenJDK 64-Bit Server VM (24.0.2+12-54) for windows-amd64 JRE (24.0.2+12-54), built on 2025-07-08T12:10:27Z with MS VC++ 17.6 (VS2022)

END.
